<testsuites tests="2" skipped="0" error="0" failure="1" name="" time=".003" >
<testsuite tests="2" id="1" package="test_betwnstr"  skipped="0" error="0" failure="1" name="Between string function" time=".003" >
<testcase classname="test_betwnstr"  assertions="1" skipped="0" error="0" failure="1" name="Returns substring from start position to end position" time=".003"  status="Failure">
<failure>
<![CDATA[
Actual: '23456' (varchar2) was expected to equal: '2345' (varchar2) 
at "SOCO_DEV.TEST_BETWNSTR", line 5 ut.expect( betwnstr( '1234567', 2, 5 ) ).to_equal('2345');

]]>
</failure>
</testcase>
<testcase classname="test_betwnstr"  assertions="1" skipped="0" error="0" failure="0" name="Returns substring when start position is zero" time="0" >
</testcase>
</testsuite>
</testsuites>
